build/app/intermediates/manifest_merge_blame_file/debug/manifest-merger-blame-debug-report.txt
1<?xml version="1.0" encoding="utf-8"?>
2<manifest xmlns:android="http://schemas.android.com/apk/res/android"
3    package="eShop.multivendor.customer"
4    android:versionCode="4"
5    android:versionName="1.0.0" >
6
7    <uses-sdk
8        android:minSdkVersion="21"
9        android:targetSdkVersion="33" />
10    <!--
11         Flutter needs it to communicate with the running application
12         to allow setting breakpoints, to provide hot reload, etc.
13    -->
14    <uses-permission android:name="android.permission.INTERNET" />
14-->src\main\AndroidManifest.xml:5:5-67
14-->src\main\AndroidManifest.xml:5:22-64
15    <uses-permission android:name="android.permission.WRITE_EXTERNAL_STORAGE" />
15-->src\main\AndroidManifest.xml:6:5-81
15-->src\main\AndroidManifest.xml:6:22-78
16    <uses-permission android:name="android.permission.ACCESS_FINE_LOCATION" />
16-->src\main\AndroidManifest.xml:7:5-79
16-->src\main\AndroidManifest.xml:7:22-76
17    <uses-permission
17-->src\main\AndroidManifest.xml:8:5-80
18        android:name="android.permission.READ_EXTERNAL_STORAGE"
18-->src\main\AndroidManifest.xml:8:22-77
19        android:maxSdkVersion="32" />
19-->[:open_filex] AndroidManifest.xml:12:9-35
20    <uses-permission android:name="android.permission.ACCESS_COARSE_LOCATION" />
20-->src\main\AndroidManifest.xml:9:5-81
20-->src\main\AndroidManifest.xml:9:22-78
21    <uses-permission android:name="android.permission.RECORD_AUDIO" />
21-->src\main\AndroidManifest.xml:10:5-71
21-->src\main\AndroidManifest.xml:10:22-68
22    <uses-permission android:name="android.permission.VIBRATE" />
22-->src\main\AndroidManifest.xml:11:5-66
22-->src\main\AndroidManifest.xml:11:22-63
23    <uses-permission android:name="android.permission.BLUETOOTH" />
23-->src\main\AndroidManifest.xml:12:5-68
23-->src\main\AndroidManifest.xml:12:22-65
24    <uses-permission android:name="android.permission.BLUETOOTH_ADMIN" />
24-->src\main\AndroidManifest.xml:14:5-74
24-->src\main\AndroidManifest.xml:14:22-71
25    <uses-permission android:name="android.permission.BLUETOOTH_CONNECT" />
25-->src\main\AndroidManifest.xml:15:5-76
25-->src\main\AndroidManifest.xml:15:22-73
26
27    <queries>
27-->src\main\AndroidManifest.xml:17:5-39:15
28
29        <!-- If your app opens https URLs -->
30        <intent>
30-->src\main\AndroidManifest.xml:19:9-23:18
31            <action android:name="android.intent.action.VIEW" />
31-->src\main\AndroidManifest.xml:20:13-65
31-->src\main\AndroidManifest.xml:20:21-62
32
33            <data android:scheme="https" />
33-->src\main\AndroidManifest.xml:21:13-44
33-->src\main\AndroidManifest.xml:21:19-41
34        </intent>
35        <!-- If your app makes calls -->
36        <intent>
36-->src\main\AndroidManifest.xml:25:9-28:18
37            <action android:name="android.intent.action.DIAL" />
37-->src\main\AndroidManifest.xml:26:13-65
37-->src\main\AndroidManifest.xml:26:21-62
38
39            <data android:scheme="tel" />
39-->src\main\AndroidManifest.xml:21:13-44
39-->src\main\AndroidManifest.xml:21:19-41
40        </intent>
41        <!-- If your sends SMS messages -->
42        <intent>
42-->src\main\AndroidManifest.xml:30:9-33:18
43            <action android:name="android.intent.action.SENDTO" />
43-->src\main\AndroidManifest.xml:31:13-67
43-->src\main\AndroidManifest.xml:31:21-64
44
45            <data android:scheme="smsto" />
45-->src\main\AndroidManifest.xml:21:13-44
45-->src\main\AndroidManifest.xml:21:19-41
46        </intent>
47        <!-- If your app sends emails -->
48        <intent>
48-->src\main\AndroidManifest.xml:35:9-38:18
49            <action android:name="android.intent.action.SEND" />
49-->src\main\AndroidManifest.xml:36:13-65
49-->src\main\AndroidManifest.xml:36:21-62
50
51            <data android:mimeType="*/*" />
51-->src\main\AndroidManifest.xml:21:13-44
52        </intent>
53        <intent>
53-->[:file_picker] AndroidManifest.xml:12:9-16:18
54            <action android:name="android.intent.action.GET_CONTENT" />
54-->[:file_picker] AndroidManifest.xml:13:13-72
54-->[:file_picker] AndroidManifest.xml:13:21-69
55
56            <data android:mimeType="*/*" />
56-->src\main\AndroidManifest.xml:21:13-44
57        </intent>
58        <intent>
58-->[:flutter_inappwebview] AndroidManifest.xml:10:9-12:18
59            <action android:name="android.support.customtabs.action.CustomTabsService" />
59-->[:flutter_inappwebview] AndroidManifest.xml:11:13-90
59-->[:flutter_inappwebview] AndroidManifest.xml:11:21-87
60        </intent>
61        <intent>
61-->[:flutter_downloader] AndroidManifest.xml:11:9-13:18
62            <action android:name="android.intent.action.VIEW" />
62-->src\main\AndroidManifest.xml:20:13-65
62-->src\main\AndroidManifest.xml:20:21-62
63        </intent> <!-- Added to check the default browser that will host the AuthFlow. -->
64        <intent>
64-->[com.stripe:financial-connections:20.11.0] AndroidManifest.xml:15:9-19:18
65            <action android:name="android.intent.action.VIEW" />
65-->src\main\AndroidManifest.xml:20:13-65
65-->src\main\AndroidManifest.xml:20:21-62
66
67            <data android:scheme="http" />
67-->src\main\AndroidManifest.xml:21:13-44
67-->src\main\AndroidManifest.xml:21:19-41
68        </intent> <!-- Added to check if Chrome is installed for browser-based payment authentication (e.g. 3DS1). -->
69        <package android:name="com.android.chrome" /> <!-- Needs to be explicitly declared on Android R+ -->
69-->[com.stripe:payments-core:20.11.0] AndroidManifest.xml:13:9-54
69-->[com.stripe:payments-core:20.11.0] AndroidManifest.xml:13:18-51
70        <package android:name="com.google.android.apps.maps" /> <!-- Specific apps you interact with, eg: -->
70-->[com.google.android.gms:play-services-maps:18.1.0] AndroidManifest.xml:33:9-64
70-->[com.google.android.gms:play-services-maps:18.1.0] AndroidManifest.xml:33:18-61
71        <package android:name="com.paytm.pgsdk.TransactionManager.PAYTM_APP_PACKAGE" />
71-->[com.paytm.appinvokesdk:appinvokesdk:1.6.4] AndroidManifest.xml:12:9-88
71-->[com.paytm.appinvokesdk:appinvokesdk:1.6.4] AndroidManifest.xml:12:18-85
72        <!--
73             Specific intents you query for,
74             eg: for a custom share UI
75        -->
76        <intent>
76-->[com.paytm.appinvokesdk:appinvokesdk:1.6.4] AndroidManifest.xml:17:9-19:18
77            <action android:name="android.intent.action.MAIN" />
77-->[com.paytm.appinvokesdk:appinvokesdk:1.6.4] AndroidManifest.xml:18:13-65
77-->[com.paytm.appinvokesdk:appinvokesdk:1.6.4] AndroidManifest.xml:18:21-62
78        </intent>
79        <intent>
79-->[androidx.media2:media2-session:1.2.0] AndroidManifest.xml:25:9-27:18
80            <action android:name="android.media.browse.MediaBrowserService" />
80-->[androidx.media2:media2-session:1.2.0] AndroidManifest.xml:26:13-79
80-->[androidx.media2:media2-session:1.2.0] AndroidManifest.xml:26:21-76
81        </intent>
82        <intent>
82-->[androidx.media2:media2-session:1.2.0] AndroidManifest.xml:28:9-30:18
83            <action android:name="androidx.media2.session.MediaSessionService" />
83-->[androidx.media2:media2-session:1.2.0] AndroidManifest.xml:29:13-82
83-->[androidx.media2:media2-session:1.2.0] AndroidManifest.xml:29:21-79
84        </intent>
85        <intent>
85-->[androidx.media2:media2-session:1.2.0] AndroidManifest.xml:31:9-33:18
86            <action android:name="androidx.media2.session.MediaLibraryService" />
86-->[androidx.media2:media2-session:1.2.0] AndroidManifest.xml:32:13-82
86-->[androidx.media2:media2-session:1.2.0] AndroidManifest.xml:32:21-79
87        </intent>
88    </queries>
89
90    <uses-permission android:name="android.permission.WAKE_LOCK" />
90-->[:firebase_messaging] AndroidManifest.xml:10:5-68
90-->[:firebase_messaging] AndroidManifest.xml:10:22-65
91    <uses-permission android:name="android.permission.ACCESS_NETWORK_STATE" /> <!-- Permissions options for the `notification` group -->
91-->[:firebase_messaging] AndroidManifest.xml:11:5-79
91-->[:firebase_messaging] AndroidManifest.xml:11:22-76
92    <uses-permission android:name="android.permission.POST_NOTIFICATIONS" />
92-->[:firebase_messaging] AndroidManifest.xml:13:5-77
92-->[:firebase_messaging] AndroidManifest.xml:13:22-74
93    <uses-permission android:name="android.permission.FOREGROUND_SERVICE" />
93-->[:geolocator_android] AndroidManifest.xml:9:5-77
93-->[:geolocator_android] AndroidManifest.xml:9:22-74
94    <uses-permission android:name="android.permission.RECEIVE_BOOT_COMPLETED" />
94-->[:flutter_local_notifications] AndroidManifest.xml:9:5-81
94-->[:flutter_local_notifications] AndroidManifest.xml:9:22-78
95    <uses-permission android:name="android.permission.USE_FULL_SCREEN_INTENT" />
95-->[:flutter_local_notifications] AndroidManifest.xml:11:5-81
95-->[:flutter_local_notifications] AndroidManifest.xml:11:22-78
96    <uses-permission android:name="android.permission.SCHEDULE_EXACT_ALARM" />
96-->[:flutter_local_notifications] AndroidManifest.xml:12:5-79
96-->[:flutter_local_notifications] AndroidManifest.xml:12:22-76
97    <uses-permission android:name="android.permission.READ_MEDIA_IMAGES" />
97-->[:open_filex] AndroidManifest.xml:13:5-76
97-->[:open_filex] AndroidManifest.xml:13:22-73
98    <uses-permission android:name="android.permission.READ_MEDIA_VIDEO" />
98-->[:open_filex] AndroidManifest.xml:14:5-75
98-->[:open_filex] AndroidManifest.xml:14:22-72
99    <uses-permission android:name="android.permission.READ_MEDIA_AUDIO" />
99-->[:open_filex] AndroidManifest.xml:15:5-75
99-->[:open_filex] AndroidManifest.xml:15:22-72
100
101    <uses-feature
101-->[com.google.android.gms:play-services-maps:18.1.0] AndroidManifest.xml:26:5-28:35
102        android:glEsVersion="0x00020000"
102-->[com.google.android.gms:play-services-maps:18.1.0] AndroidManifest.xml:27:9-41
103        android:required="true" />
103-->[com.google.android.gms:play-services-maps:18.1.0] AndroidManifest.xml:28:9-32
104
105    <uses-permission android:name="android.permission.READ_PHONE_STATE" /> <!-- Required by older versions of Google Play services to create IID tokens -->
105-->[com.paytm.easypay:easypay-appinvoke:1.7.3] AndroidManifest.xml:10:5-75
105-->[com.paytm.easypay:easypay-appinvoke:1.7.3] AndroidManifest.xml:10:22-72
106    <uses-permission android:name="com.google.android.c2dm.permission.RECEIVE" />
106-->[com.google.firebase:firebase-messaging:23.1.0] AndroidManifest.xml:28:5-82
106-->[com.google.firebase:firebase-messaging:23.1.0] AndroidManifest.xml:28:22-79
107    <uses-permission android:name="com.google.android.gms.permission.AD_ID" />
107-->[com.google.android.gms:play-services-measurement-api:21.2.0] AndroidManifest.xml:25:5-79
107-->[com.google.android.gms:play-services-measurement-api:21.2.0] AndroidManifest.xml:25:22-76
108    <uses-permission android:name="com.google.android.finsky.permission.BIND_GET_INSTALL_REFERRER_SERVICE" />
108-->[com.google.android.gms:play-services-measurement:21.2.0] AndroidManifest.xml:26:5-110
108-->[com.google.android.gms:play-services-measurement:21.2.0] AndroidManifest.xml:26:22-107
109
110    <permission
110-->[androidx.core:core:1.9.0] AndroidManifest.xml:22:5-24:47
111        android:name="eShop.multivendor.customer.DYNAMIC_RECEIVER_NOT_EXPORTED_PERMISSION"
111-->[androidx.core:core:1.9.0] AndroidManifest.xml:23:9-81
112        android:protectionLevel="signature" />
112-->[androidx.core:core:1.9.0] AndroidManifest.xml:24:9-44
113
114    <uses-permission android:name="eShop.multivendor.customer.DYNAMIC_RECEIVER_NOT_EXPORTED_PERMISSION" />
114-->[androidx.core:core:1.9.0] AndroidManifest.xml:26:5-97
114-->[androidx.core:core:1.9.0] AndroidManifest.xml:26:22-94
115
116    <application
117        android:name="android.app.Application"
118        android:appComponentFactory="androidx.core.app.CoreComponentFactory"
118-->[androidx.core:core:1.9.0] AndroidManifest.xml:28:18-86
119        android:debuggable="true"
120        android:icon="@mipmap/ic_launcher"
121        android:label="eShop Multi"
122        android:requestLegacyExternalStorage="true"
123        android:usesCleartextTraffic="true" >
124        <activity
125            android:name="com.razorpay.CheckoutActivity"
126            android:configChanges="keyboard|keyboardHidden|orientation|screenSize"
126-->[com.razorpay:checkout:1.5.0] AndroidManifest.xml:20:13-83
127            android:exported="true"
128            android:theme="@style/CheckoutTheme" >
128-->[com.razorpay:checkout:1.5.0] AndroidManifest.xml:21:13-49
129            <intent-filter>
129-->[com.razorpay:checkout:1.5.0] AndroidManifest.xml:22:13-28:29
130                <action android:name="android.intent.action.MAIN" />
130-->[com.paytm.appinvokesdk:appinvokesdk:1.6.4] AndroidManifest.xml:18:13-65
130-->[com.paytm.appinvokesdk:appinvokesdk:1.6.4] AndroidManifest.xml:18:21-62
131
132                <data
132-->src\main\AndroidManifest.xml:21:13-44
133                    android:host="rzp.io"
134                    android:scheme="io.rzp" />
134-->src\main\AndroidManifest.xml:21:19-41
135            </intent-filter>
136        </activity>
137
138        <receiver
139            android:name="com.razorpay.RzpTokenReceiver"
140            android:exported="false" >
141            <intent-filter>
142                <action android:name="rzp.device_token.share" />
143            </intent-filter>
144        </receiver>
145
146        <activity
147            android:name="eShop.multivendor.customer.MainActivity"
148            android:configChanges="orientation|keyboardHidden|keyboard|screenSize|smallestScreenSize|locale|layoutDirection|fontScale|screenLayout|density|uiMode"
149            android:exported="true"
150            android:hardwareAccelerated="true"
151            android:launchMode="singleTop"
152            android:theme="@style/LaunchTheme"
153            android:windowSoftInputMode="adjustResize" >
154
155            <!--
156                 Specifies an Android theme to apply to this Activity as soon as
157                 the Android process has started. This theme is visible to the user
158                 while the Flutter UI initializes. After that, this theme continues
159                 to determine the Window background behind the Flutter UI.
160            -->
161            <meta-data
162                android:name="io.flutter.embedding.android.NormalTheme"
163                android:resource="@style/NormalTheme" />
164
165            <intent-filter>
166                <action android:name="android.intent.action.MAIN" />
166-->[com.paytm.appinvokesdk:appinvokesdk:1.6.4] AndroidManifest.xml:18:13-65
166-->[com.paytm.appinvokesdk:appinvokesdk:1.6.4] AndroidManifest.xml:18:21-62
167
168                <category android:name="android.intent.category.LAUNCHER" />
169            </intent-filter>
170            <intent-filter>
171                <action android:name="FLUTTER_NOTIFICATION_CLICK" />
172
173                <category android:name="android.intent.category.DEFAULT" />
173-->[com.stripe:financial-connections:20.11.0] AndroidManifest.xml:29:17-76
173-->[com.stripe:financial-connections:20.11.0] AndroidManifest.xml:29:27-73
174            </intent-filter>
175        </activity>
176
177        <!--
178             Don't delete the meta-data below.
179             This is used by the Flutter tool to generate GeneratedPluginRegistrant.java
180        -->
181
182
183        <!-- After Adding Key, Uncomment below lines -->
184        <meta-data
185            android:name="com.google.android.geo.API_KEY"
186            android:value="AIzaSyDDs2dRc5fGYwvyf6OkXQHSyqEgzWeHbrQ" />
187        <meta-data
188            android:name="vn.hunghd.flutterdownloader.NOTIFICATION_ICON"
189            android:resource="@drawable/ic_launcher" />
190        <meta-data
191            android:name="com.google.firebase.messaging.default_notification_icon"
192            android:resource="@drawable/ic_launcher" />
193        <meta-data
194            android:name="flutterEmbedding"
195            android:value="2" />
196
197        <service
197-->[:firebase_messaging] AndroidManifest.xml:16:9-19:72
198            android:name="io.flutter.plugins.firebase.messaging.FlutterFirebaseMessagingBackgroundService"
198-->[:firebase_messaging] AndroidManifest.xml:17:13-107
199            android:exported="false"
199-->[:firebase_messaging] AndroidManifest.xml:18:13-37
200            android:permission="android.permission.BIND_JOB_SERVICE" />
200-->[:firebase_messaging] AndroidManifest.xml:19:13-69
201        <service
201-->[:firebase_messaging] AndroidManifest.xml:20:9-26:19
202            android:name="io.flutter.plugins.firebase.messaging.FlutterFirebaseMessagingService"
202-->[:firebase_messaging] AndroidManifest.xml:21:13-97
203            android:exported="false" >
203-->[:firebase_messaging] AndroidManifest.xml:22:13-37
204            <intent-filter>
204-->[:firebase_messaging] AndroidManifest.xml:23:13-25:29
205                <action android:name="com.google.firebase.MESSAGING_EVENT" />
205-->[:firebase_messaging] AndroidManifest.xml:24:17-78
205-->[:firebase_messaging] AndroidManifest.xml:24:25-75
206            </intent-filter>
207        </service>
208
209        <receiver
209-->[:firebase_messaging] AndroidManifest.xml:28:9-35:20
210            android:name="io.flutter.plugins.firebase.messaging.FlutterFirebaseMessagingReceiver"
210-->[:firebase_messaging] AndroidManifest.xml:29:13-98
211            android:exported="true"
211-->[:firebase_messaging] AndroidManifest.xml:30:13-36
212            android:permission="com.google.android.c2dm.permission.SEND" >
212-->[:firebase_messaging] AndroidManifest.xml:31:13-73
213            <intent-filter>
213-->[:firebase_messaging] AndroidManifest.xml:32:13-34:29
214                <action android:name="com.google.android.c2dm.intent.RECEIVE" />
214-->[:firebase_messaging] AndroidManifest.xml:33:17-81
214-->[:firebase_messaging] AndroidManifest.xml:33:25-78
215            </intent-filter>
216        </receiver>
217
218        <service
218-->[:firebase_messaging] AndroidManifest.xml:37:9-41:19
219            android:name="com.google.firebase.components.ComponentDiscoveryService"
219-->[:firebase_messaging] AndroidManifest.xml:37:18-89
220            android:directBootAware="true"
220-->[com.google.firebase:firebase-common:20.2.0] AndroidManifest.xml:34:13-43
221            android:exported="false" >
221-->[com.google.firebase:firebase-auth:21.1.0] AndroidManifest.xml:66:13-37
222            <meta-data
222-->[:firebase_messaging] AndroidManifest.xml:38:13-40:85
223                android:name="com.google.firebase.components:io.flutter.plugins.firebase.messaging.FlutterFirebaseAppRegistrar"
223-->[:firebase_messaging] AndroidManifest.xml:39:17-128
224                android:value="com.google.firebase.components.ComponentRegistrar" />
224-->[:firebase_messaging] AndroidManifest.xml:40:17-82
225            <meta-data
225-->[:firebase_dynamic_links] AndroidManifest.xml:13:13-15:85
226                android:name="com.google.firebase.components:io.flutter.plugins.firebase.dynamiclinks.FlutterFirebaseAppRegistrar"
226-->[:firebase_dynamic_links] AndroidManifest.xml:14:17-131
227                android:value="com.google.firebase.components.ComponentRegistrar" />
227-->[:firebase_dynamic_links] AndroidManifest.xml:15:17-82
228            <meta-data
228-->[:firebase_auth] AndroidManifest.xml:11:13-13:85
229                android:name="com.google.firebase.components:io.flutter.plugins.firebase.auth.FlutterFirebaseAuthRegistrar"
229-->[:firebase_auth] AndroidManifest.xml:12:17-124
230                android:value="com.google.firebase.components.ComponentRegistrar" />
230-->[:firebase_auth] AndroidManifest.xml:13:17-82
231            <meta-data
231-->[:firebase_core] AndroidManifest.xml:11:13-13:85
232                android:name="com.google.firebase.components:io.flutter.plugins.firebase.core.FlutterFirebaseCoreRegistrar"
232-->[:firebase_core] AndroidManifest.xml:12:17-124
233                android:value="com.google.firebase.components.ComponentRegistrar" />
233-->[:firebase_core] AndroidManifest.xml:13:17-82
234            <meta-data
234-->[com.google.firebase:firebase-auth:21.1.0] AndroidManifest.xml:67:13-69:85
235                android:name="com.google.firebase.components:com.google.firebase.auth.FirebaseAuthRegistrar"
235-->[com.google.firebase:firebase-auth:21.1.0] AndroidManifest.xml:68:17-109
236                android:value="com.google.firebase.components.ComponentRegistrar" />
236-->[com.google.firebase:firebase-auth:21.1.0] AndroidManifest.xml:69:17-82
237            <meta-data
237-->[com.google.firebase:firebase-messaging:23.1.0] AndroidManifest.xml:55:13-57:85
238                android:name="com.google.firebase.components:com.google.firebase.messaging.FirebaseMessagingRegistrar"
238-->[com.google.firebase:firebase-messaging:23.1.0] AndroidManifest.xml:56:17-119
239                android:value="com.google.firebase.components.ComponentRegistrar" />
239-->[com.google.firebase:firebase-messaging:23.1.0] AndroidManifest.xml:57:17-82
240            <meta-data
240-->[com.google.firebase:firebase-dynamic-links:21.1.0] AndroidManifest.xml:26:13-28:85
241                android:name="com.google.firebase.components:com.google.firebase.dynamiclinks.internal.FirebaseDynamicLinkRegistrar"
241-->[com.google.firebase:firebase-dynamic-links:21.1.0] AndroidManifest.xml:27:17-133
242                android:value="com.google.firebase.components.ComponentRegistrar" />
242-->[com.google.firebase:firebase-dynamic-links:21.1.0] AndroidManifest.xml:28:17-82
243            <meta-data
243-->[com.google.firebase:firebase-iid:21.1.0] AndroidManifest.xml:32:13-34:85
244                android:name="com.google.firebase.components:com.google.firebase.iid.Registrar"
244-->[com.google.firebase:firebase-iid:21.1.0] AndroidManifest.xml:33:17-96
245                android:value="com.google.firebase.components.ComponentRegistrar" />
245-->[com.google.firebase:firebase-iid:21.1.0] AndroidManifest.xml:34:17-82
246            <meta-data
246-->[com.google.android.gms:play-services-measurement-api:21.2.0] AndroidManifest.xml:31:13-33:85
247                android:name="com.google.firebase.components:com.google.firebase.analytics.connector.internal.AnalyticsConnectorRegistrar"
247-->[com.google.android.gms:play-services-measurement-api:21.2.0] AndroidManifest.xml:32:17-139
248                android:value="com.google.firebase.components.ComponentRegistrar" />
248-->[com.google.android.gms:play-services-measurement-api:21.2.0] AndroidManifest.xml:33:17-82
249            <meta-data
249-->[com.google.firebase:firebase-datatransport:18.1.7] AndroidManifest.xml:27:13-29:85
250                android:name="com.google.firebase.components:com.google.firebase.datatransport.TransportRegistrar"
250-->[com.google.firebase:firebase-datatransport:18.1.7] AndroidManifest.xml:28:17-115
251                android:value="com.google.firebase.components.ComponentRegistrar" />
251-->[com.google.firebase:firebase-datatransport:18.1.7] AndroidManifest.xml:29:17-82
252            <meta-data
252-->[com.google.firebase:firebase-installations:17.1.0] AndroidManifest.xml:17:13-19:85
253                android:name="com.google.firebase.components:com.google.firebase.installations.FirebaseInstallationsRegistrar"
253-->[com.google.firebase:firebase-installations:17.1.0] AndroidManifest.xml:18:17-127
254                android:value="com.google.firebase.components.ComponentRegistrar" />
254-->[com.google.firebase:firebase-installations:17.1.0] AndroidManifest.xml:19:17-82
255        </service>
256
257        <provider
257-->[:firebase_messaging] AndroidManifest.xml:43:9-47:38
258            android:name="io.flutter.plugins.firebase.messaging.FlutterFirebaseMessagingInitProvider"
258-->[:firebase_messaging] AndroidManifest.xml:44:13-102
259            android:authorities="eShop.multivendor.customer.flutterfirebasemessaginginitprovider"
259-->[:firebase_messaging] AndroidManifest.xml:45:13-88
260            android:exported="false"
260-->[:firebase_messaging] AndroidManifest.xml:46:13-37
261            android:initOrder="99" />
261-->[:firebase_messaging] AndroidManifest.xml:47:13-35
262
263        <service
263-->[:geolocator_android] AndroidManifest.xml:12:9-16:56
264            android:name="com.baseflow.geolocator.GeolocatorLocationService"
264-->[:geolocator_android] AndroidManifest.xml:13:13-77
265            android:enabled="true"
265-->[:geolocator_android] AndroidManifest.xml:14:13-35
266            android:exported="false"
266-->[:geolocator_android] AndroidManifest.xml:15:13-37
267            android:foregroundServiceType="location" />
267-->[:geolocator_android] AndroidManifest.xml:16:13-53
268
269        <receiver
269-->[:flutter_local_notifications] AndroidManifest.xml:16:9-18:40
270            android:name="com.dexterous.flutterlocalnotifications.ActionBroadcastReceiver"
270-->[:flutter_local_notifications] AndroidManifest.xml:17:13-91
271            android:exported="false" />
271-->[:flutter_local_notifications] AndroidManifest.xml:18:13-37
272        <receiver
272-->[:flutter_local_notifications] AndroidManifest.xml:19:9-21:40
273            android:name="com.dexterous.flutterlocalnotifications.ScheduledNotificationReceiver"
273-->[:flutter_local_notifications] AndroidManifest.xml:20:13-97
274            android:exported="false" />
274-->[:flutter_local_notifications] AndroidManifest.xml:21:13-37
275        <receiver
275-->[:flutter_local_notifications] AndroidManifest.xml:22:9-31:20
276            android:name="com.dexterous.flutterlocalnotifications.ScheduledNotificationBootReceiver"
276-->[:flutter_local_notifications] AndroidManifest.xml:23:13-101
277            android:exported="false" >
277-->[:flutter_local_notifications] AndroidManifest.xml:24:13-37
278            <intent-filter>
278-->[:flutter_local_notifications] AndroidManifest.xml:25:13-30:29
279                <action android:name="android.intent.action.BOOT_COMPLETED" />
279-->[:flutter_local_notifications] AndroidManifest.xml:26:17-79
279-->[:flutter_local_notifications] AndroidManifest.xml:26:25-76
280                <action android:name="android.intent.action.MY_PACKAGE_REPLACED" />
280-->[:flutter_local_notifications] AndroidManifest.xml:27:17-84
280-->[:flutter_local_notifications] AndroidManifest.xml:27:25-81
281                <action android:name="android.intent.action.QUICKBOOT_POWERON" />
281-->[:flutter_local_notifications] AndroidManifest.xml:28:17-82
281-->[:flutter_local_notifications] AndroidManifest.xml:28:25-79
282                <action android:name="com.htc.intent.action.QUICKBOOT_POWERON" />
282-->[:flutter_local_notifications] AndroidManifest.xml:29:17-82
282-->[:flutter_local_notifications] AndroidManifest.xml:29:25-79
283            </intent-filter>
284        </receiver>
285
286        <activity
286-->[:flutter_inappwebview] AndroidManifest.xml:16:9-20:47
287            android:name="com.pichillilorenzo.flutter_inappwebview.in_app_browser.InAppBrowserActivity"
287-->[:flutter_inappwebview] AndroidManifest.xml:17:13-104
288            android:configChanges="orientation|keyboardHidden|keyboard|screenSize|locale|layoutDirection|fontScale|screenLayout|density"
288-->[:flutter_inappwebview] AndroidManifest.xml:18:13-137
289            android:exported="false"
289-->[:flutter_inappwebview] AndroidManifest.xml:19:13-37
290            android:theme="@style/AppTheme" />
290-->[:flutter_inappwebview] AndroidManifest.xml:20:13-44
291        <activity
291-->[:flutter_inappwebview] AndroidManifest.xml:21:9-24:55
292            android:name="com.pichillilorenzo.flutter_inappwebview.chrome_custom_tabs.ChromeCustomTabsActivity"
292-->[:flutter_inappwebview] AndroidManifest.xml:22:13-112
293            android:exported="false"
293-->[:flutter_inappwebview] AndroidManifest.xml:23:13-37
294            android:theme="@style/ThemeTransparent" />
294-->[:flutter_inappwebview] AndroidManifest.xml:24:13-52
295        <activity
295-->[:flutter_inappwebview] AndroidManifest.xml:25:9-28:55
296            android:name="com.pichillilorenzo.flutter_inappwebview.chrome_custom_tabs.TrustedWebActivity"
296-->[:flutter_inappwebview] AndroidManifest.xml:26:13-106
297            android:exported="false"
297-->[:flutter_inappwebview] AndroidManifest.xml:27:13-37
298            android:theme="@style/ThemeTransparent" />
298-->[:flutter_inappwebview] AndroidManifest.xml:28:13-52
299        <activity
299-->[:flutter_inappwebview] AndroidManifest.xml:29:9-33:55
300            android:name="com.pichillilorenzo.flutter_inappwebview.chrome_custom_tabs.ChromeCustomTabsActivitySingleInstance"
300-->[:flutter_inappwebview] AndroidManifest.xml:30:13-126
301            android:exported="false"
301-->[:flutter_inappwebview] AndroidManifest.xml:31:13-37
302            android:launchMode="singleInstance"
302-->[:flutter_inappwebview] AndroidManifest.xml:32:13-48
303            android:theme="@style/ThemeTransparent" />
303-->[:flutter_inappwebview] AndroidManifest.xml:33:13-52
304        <activity
304-->[:flutter_inappwebview] AndroidManifest.xml:34:9-38:55
305            android:name="com.pichillilorenzo.flutter_inappwebview.chrome_custom_tabs.TrustedWebActivitySingleInstance"
305-->[:flutter_inappwebview] AndroidManifest.xml:35:13-120
306            android:exported="false"
306-->[:flutter_inappwebview] AndroidManifest.xml:36:13-37
307            android:launchMode="singleInstance"
307-->[:flutter_inappwebview] AndroidManifest.xml:37:13-48
308            android:theme="@style/ThemeTransparent" />
308-->[:flutter_inappwebview] AndroidManifest.xml:38:13-52
309
310        <receiver
310-->[:flutter_inappwebview] AndroidManifest.xml:40:9-43:40
311            android:name="com.pichillilorenzo.flutter_inappwebview.chrome_custom_tabs.ActionBroadcastReceiver"
311-->[:flutter_inappwebview] AndroidManifest.xml:41:13-111
312            android:enabled="true"